running egg_info
creating ../../build/droid_navigation/droid_navigation.egg-info
writing ../../build/droid_navigation/droid_navigation.egg-info/PKG-INFO
writing dependency_links to ../../build/droid_navigation/droid_navigation.egg-info/dependency_links.txt
writing entry points to ../../build/droid_navigation/droid_navigation.egg-info/entry_points.txt
writing requirements to ../../build/droid_navigation/droid_navigation.egg-info/requires.txt
writing top-level names to ../../build/droid_navigation/droid_navigation.egg-info/top_level.txt
writing manifest file '../../build/droid_navigation/droid_navigation.egg-info/SOURCES.txt'
reading manifest file '../../build/droid_navigation/droid_navigation.egg-info/SOURCES.txt'
writing manifest file '../../build/droid_navigation/droid_navigation.egg-info/SOURCES.txt'
running build
running build_py
creating /home/avinaash/SyncDroids/build/droid_navigation/build
creating /home/avinaash/SyncDroids/build/droid_navigation/build/lib
creating /home/avinaash/SyncDroids/build/droid_navigation/build/lib/droid_navigation
copying droid_navigation/__init__.py -> /home/avinaash/SyncDroids/build/droid_navigation/build/lib/droid_navigation
copying droid_navigation/droid_teleop_controller_01.py -> /home/avinaash/SyncDroids/build/droid_navigation/build/lib/droid_navigation
running install
running install_lib
creating /home/avinaash/SyncDroids/install/droid_navigation/lib/python3.8/site-packages/droid_navigation
copying /home/avinaash/SyncDroids/build/droid_navigation/build/lib/droid_navigation/__init__.py -> /home/avinaash/SyncDroids/install/droid_navigation/lib/python3.8/site-packages/droid_navigation
copying /home/avinaash/SyncDroids/build/droid_navigation/build/lib/droid_navigation/droid_teleop_controller_01.py -> /home/avinaash/SyncDroids/install/droid_navigation/lib/python3.8/site-packages/droid_navigation
byte-compiling /home/avinaash/SyncDroids/install/droid_navigation/lib/python3.8/site-packages/droid_navigation/__init__.py to __init__.cpython-38.pyc
byte-compiling /home/avinaash/SyncDroids/install/droid_navigation/lib/python3.8/site-packages/droid_navigation/droid_teleop_controller_01.py to droid_teleop_controller_01.cpython-38.pyc
running install_data
creating /home/avinaash/SyncDroids/install/droid_navigation/share/ament_index
creating /home/avinaash/SyncDroids/install/droid_navigation/share/ament_index/resource_index
creating /home/avinaash/SyncDroids/install/droid_navigation/share/ament_index/resource_index/packages
copying resource/droid_navigation -> /home/avinaash/SyncDroids/install/droid_navigation/share/ament_index/resource_index/packages
copying package.xml -> /home/avinaash/SyncDroids/install/droid_navigation/share/droid_navigation
running install_egg_info
Copying ../../build/droid_navigation/droid_navigation.egg-info to /home/avinaash/SyncDroids/install/droid_navigation/lib/python3.8/site-packages/droid_navigation-0.0.0-py3.8.egg-info
running install_scripts
Installing Teleop_Controller script to /home/avinaash/SyncDroids/install/droid_navigation/lib/droid_navigation
writing list of installed files to '/home/avinaash/SyncDroids/build/droid_navigation/install.log'
