[0.610s] Invoking command in '/home/avinaash/SyncDroids/src/droid_navigation': PYTHONPATH=/home/avinaash/SyncDroids/build/droid_navigation/prefix_override:/home/avinaash/SyncDroids/install/droid_navigation/lib/python3.8/site-packages:${PYTHONPATH} /usr/bin/python3 -W ignore:setup.py install is deprecated setup.py egg_info --egg-base ../../build/droid_navigation build --build-base /home/avinaash/SyncDroids/build/droid_navigation/build install --record /home/avinaash/SyncDroids/build/droid_navigation/install.log --single-version-externally-managed install_data
[0.767s] running egg_info
[0.767s] creating ../../build/droid_navigation/droid_navigation.egg-info
[0.767s] writing ../../build/droid_navigation/droid_navigation.egg-info/PKG-INFO
[0.767s] writing dependency_links to ../../build/droid_navigation/droid_navigation.egg-info/dependency_links.txt
[0.767s] writing entry points to ../../build/droid_navigation/droid_navigation.egg-info/entry_points.txt
[0.767s] writing requirements to ../../build/droid_navigation/droid_navigation.egg-info/requires.txt
[0.768s] writing top-level names to ../../build/droid_navigation/droid_navigation.egg-info/top_level.txt
[0.773s] writing manifest file '../../build/droid_navigation/droid_navigation.egg-info/SOURCES.txt'
[0.793s] reading manifest file '../../build/droid_navigation/droid_navigation.egg-info/SOURCES.txt'
[0.794s] writing manifest file '../../build/droid_navigation/droid_navigation.egg-info/SOURCES.txt'
[0.794s] running build
[0.794s] running build_py
[0.794s] creating /home/avinaash/SyncDroids/build/droid_navigation/build
[0.794s] creating /home/avinaash/SyncDroids/build/droid_navigation/build/lib
[0.794s] creating /home/avinaash/SyncDroids/build/droid_navigation/build/lib/droid_navigation
[0.794s] copying droid_navigation/__init__.py -> /home/avinaash/SyncDroids/build/droid_navigation/build/lib/droid_navigation
[0.794s] copying droid_navigation/droid_teleop_controller_01.py -> /home/avinaash/SyncDroids/build/droid_navigation/build/lib/droid_navigation
[0.794s] running install
[0.795s] running install_lib
[0.795s] creating /home/avinaash/SyncDroids/install/droid_navigation/lib/python3.8/site-packages/droid_navigation
[0.795s] copying /home/avinaash/SyncDroids/build/droid_navigation/build/lib/droid_navigation/__init__.py -> /home/avinaash/SyncDroids/install/droid_navigation/lib/python3.8/site-packages/droid_navigation
[0.795s] copying /home/avinaash/SyncDroids/build/droid_navigation/build/lib/droid_navigation/droid_teleop_controller_01.py -> /home/avinaash/SyncDroids/install/droid_navigation/lib/python3.8/site-packages/droid_navigation
[0.795s] byte-compiling /home/avinaash/SyncDroids/install/droid_navigation/lib/python3.8/site-packages/droid_navigation/__init__.py to __init__.cpython-38.pyc
[0.796s] byte-compiling /home/avinaash/SyncDroids/install/droid_navigation/lib/python3.8/site-packages/droid_navigation/droid_teleop_controller_01.py to droid_teleop_controller_01.cpython-38.pyc
[0.797s] running install_data
[0.797s] creating /home/avinaash/SyncDroids/install/droid_navigation/share/ament_index
[0.797s] creating /home/avinaash/SyncDroids/install/droid_navigation/share/ament_index/resource_index
[0.797s] creating /home/avinaash/SyncDroids/install/droid_navigation/share/ament_index/resource_index/packages
[0.797s] copying resource/droid_navigation -> /home/avinaash/SyncDroids/install/droid_navigation/share/ament_index/resource_index/packages
[0.797s] copying package.xml -> /home/avinaash/SyncDroids/install/droid_navigation/share/droid_navigation
[0.797s] running install_egg_info
[0.798s] Copying ../../build/droid_navigation/droid_navigation.egg-info to /home/avinaash/SyncDroids/install/droid_navigation/lib/python3.8/site-packages/droid_navigation-0.0.0-py3.8.egg-info
[0.798s] running install_scripts
[0.809s] Installing Teleop_Controller script to /home/avinaash/SyncDroids/install/droid_navigation/lib/droid_navigation
[0.809s] writing list of installed files to '/home/avinaash/SyncDroids/build/droid_navigation/install.log'
[0.824s] Invoked command in '/home/avinaash/SyncDroids/src/droid_navigation' returned '0': PYTHONPATH=/home/avinaash/SyncDroids/build/droid_navigation/prefix_override:/home/avinaash/SyncDroids/install/droid_navigation/lib/python3.8/site-packages:${PYTHONPATH} /usr/bin/python3 -W ignore:setup.py install is deprecated setup.py egg_info --egg-base ../../build/droid_navigation build --build-base /home/avinaash/SyncDroids/build/droid_navigation/build install --record /home/avinaash/SyncDroids/build/droid_navigation/install.log --single-version-externally-managed install_data
