running egg_info
writing ../../build/droid_navigation/droid_navigation.egg-info/PKG-INFO
writing dependency_links to ../../build/droid_navigation/droid_navigation.egg-info/dependency_links.txt
writing entry points to ../../build/droid_navigation/droid_navigation.egg-info/entry_points.txt
writing requirements to ../../build/droid_navigation/droid_navigation.egg-info/requires.txt
writing top-level names to ../../build/droid_navigation/droid_navigation.egg-info/top_level.txt
reading manifest file '../../build/droid_navigation/droid_navigation.egg-info/SOURCES.txt'
writing manifest file '../../build/droid_navigation/droid_navigation.egg-info/SOURCES.txt'
running build
running build_py
copying droid_navigation/droid_teleop_keyboard_01.py -> /home/avinaash/SyncDroids/build/droid_navigation/build/lib/droid_navigation
running install
running install_lib
copying /home/avinaash/SyncDroids/build/droid_navigation/build/lib/droid_navigation/droid_teleop_keyboard_01.py -> /home/avinaash/SyncDroids/install/droid_navigation/lib/python3.8/site-packages/droid_navigation
byte-compiling /home/avinaash/SyncDroids/install/droid_navigation/lib/python3.8/site-packages/droid_navigation/droid_teleop_keyboard_01.py to droid_teleop_keyboard_01.cpython-38.pyc
running install_data
running install_egg_info
removing '/home/avinaash/SyncDroids/install/droid_navigation/lib/python3.8/site-packages/droid_navigation-0.0.0-py3.8.egg-info' (and everything under it)
Copying ../../build/droid_navigation/droid_navigation.egg-info to /home/avinaash/SyncDroids/install/droid_navigation/lib/python3.8/site-packages/droid_navigation-0.0.0-py3.8.egg-info
running install_scripts
Installing Teleop_Controller script to /home/avinaash/SyncDroids/install/droid_navigation/lib/droid_navigation
Installing Teleop_Keyboard script to /home/avinaash/SyncDroids/install/droid_navigation/lib/droid_navigation
writing list of installed files to '/home/avinaash/SyncDroids/build/droid_navigation/install.log'
